app/build/intermediates/manifest_merge_blame_file/debug/processDebugMainManifest/manifest-merger-blame-debug-report.txt
1<?xml version="1.0" encoding="utf-8"?>
2<manifest xmlns:android="http://schemas.android.com/apk/res/android"
3    package="com.example.phonerakshak"
4    android:versionCode="4"
5    android:versionName="1.3-test" >
6
7    <uses-sdk
8        android:minSdkVersion="24"
9        android:targetSdkVersion="34" />
10
11    <!-- SMS -->
12    <uses-permission android:name="android.permission.RECEIVE_SMS" />
12-->src\main\AndroidManifest.xml:5:5-70
12-->src\main\AndroidManifest.xml:5:22-67
13    <uses-permission android:name="android.permission.SEND_SMS" />
13-->src\main\AndroidManifest.xml:6:5-67
13-->src\main\AndroidManifest.xml:6:22-64
14    <uses-permission android:name="android.permission.READ_SMS" />
14-->src\main\AndroidManifest.xml:7:5-67
14-->src\main\AndroidManifest.xml:7:22-64
15
16    <!-- Location -->
17    <uses-permission android:name="android.permission.ACCESS_FINE_LOCATION" />
17-->src\main\AndroidManifest.xml:10:5-79
17-->src\main\AndroidManifest.xml:10:22-76
18    <uses-permission android:name="android.permission.ACCESS_COARSE_LOCATION" />
18-->src\main\AndroidManifest.xml:11:5-81
18-->src\main\AndroidManifest.xml:11:22-78
19    <uses-permission android:name="android.permission.ACCESS_BACKGROUND_LOCATION" />
19-->src\main\AndroidManifest.xml:12:5-85
19-->src\main\AndroidManifest.xml:12:22-82
20
21    <!-- Audio Recording -->
22    <uses-permission android:name="android.permission.RECORD_AUDIO" />
22-->src\main\AndroidManifest.xml:15:5-71
22-->src\main\AndroidManifest.xml:15:22-68
23
24    <!-- Phone state (SIM detection) -->
25    <uses-permission android:name="android.permission.READ_PHONE_STATE" />
25-->src\main\AndroidManifest.xml:18:5-75
25-->src\main\AndroidManifest.xml:18:22-72
26
27    <!-- Camera (intruder photo on wrong PIN) -->
28    <uses-permission android:name="android.permission.CAMERA" />
28-->src\main\AndroidManifest.xml:21:5-65
28-->src\main\AndroidManifest.xml:21:22-62
29
30    <uses-feature
30-->src\main\AndroidManifest.xml:22:5-24:36
31        android:name="android.hardware.camera"
31-->src\main\AndroidManifest.xml:23:9-47
32        android:required="false" />
32-->src\main\AndroidManifest.xml:24:9-33
33
34    <!-- Internet (backend) -->
35    <uses-permission android:name="android.permission.INTERNET" />
35-->src\main\AndroidManifest.xml:27:5-67
35-->src\main\AndroidManifest.xml:27:22-64
36    <uses-permission android:name="android.permission.ACCESS_NETWORK_STATE" />
36-->src\main\AndroidManifest.xml:28:5-79
36-->src\main\AndroidManifest.xml:28:22-76
37
38    <!-- Boot + foreground service -->
39    <uses-permission android:name="android.permission.RECEIVE_BOOT_COMPLETED" />
39-->src\main\AndroidManifest.xml:31:5-81
39-->src\main\AndroidManifest.xml:31:22-78
40    <uses-permission android:name="android.permission.FOREGROUND_SERVICE" />
40-->src\main\AndroidManifest.xml:32:5-77
40-->src\main\AndroidManifest.xml:32:22-74
41    <uses-permission android:name="android.permission.FOREGROUND_SERVICE_SPECIAL_USE" />
41-->src\main\AndroidManifest.xml:33:5-89
41-->src\main\AndroidManifest.xml:33:22-86
42
43    <!-- Lock screen / wake / overlay -->
44    <uses-permission android:name="android.permission.WAKE_LOCK" />
44-->src\main\AndroidManifest.xml:36:5-68
44-->src\main\AndroidManifest.xml:36:22-65
45    <uses-permission android:name="android.permission.DISABLE_KEYGUARD" />
45-->src\main\AndroidManifest.xml:37:5-75
45-->src\main\AndroidManifest.xml:37:22-72
46    <uses-permission android:name="android.permission.SYSTEM_ALERT_WINDOW" />
46-->src\main\AndroidManifest.xml:38:5-78
46-->src\main\AndroidManifest.xml:38:22-75
47    <uses-permission android:name="android.permission.TURN_SCREEN_ON" />
47-->src\main\AndroidManifest.xml:39:5-73
47-->src\main\AndroidManifest.xml:39:22-70
48
49    <!-- Audio (alarm overrides silent) -->
50    <uses-permission android:name="android.permission.MODIFY_AUDIO_SETTINGS" />
50-->src\main\AndroidManifest.xml:42:5-80
50-->src\main\AndroidManifest.xml:42:22-77
51    <uses-permission android:name="android.permission.VIBRATE" />
51-->src\main\AndroidManifest.xml:43:5-66
51-->src\main\AndroidManifest.xml:43:22-63
52
53    <!-- Notifications (Android 13+) -->
54    <uses-permission android:name="android.permission.POST_NOTIFICATIONS" />
54-->src\main\AndroidManifest.xml:46:5-77
54-->src\main\AndroidManifest.xml:46:22-74
55    <!-- Required by older versions of Google Play services to create IID tokens -->
56    <uses-permission android:name="com.google.android.c2dm.permission.RECEIVE" />
56-->[com.google.firebase:firebase-messaging:24.0.0] AndroidManifest.xml:26:5-82
56-->[com.google.firebase:firebase-messaging:24.0.0] AndroidManifest.xml:26:22-79
57
58    <permission
58-->[androidx.core:core:1.13.1] AndroidManifest.xml:22:5-24:47
59        android:name="com.example.phonerakshak.DYNAMIC_RECEIVER_NOT_EXPORTED_PERMISSION"
59-->[androidx.core:core:1.13.1] AndroidManifest.xml:23:9-81
60        android:protectionLevel="signature" />
60-->[androidx.core:core:1.13.1] AndroidManifest.xml:24:9-44
61
62    <uses-permission android:name="com.example.phonerakshak.DYNAMIC_RECEIVER_NOT_EXPORTED_PERMISSION" />
62-->[androidx.core:core:1.13.1] AndroidManifest.xml:26:5-97
62-->[androidx.core:core:1.13.1] AndroidManifest.xml:26:22-94
63
64    <application
64-->src\main\AndroidManifest.xml:48:5-214:19
65        android:allowBackup="true"
65-->src\main\AndroidManifest.xml:49:9-35
66        android:appComponentFactory="androidx.core.app.CoreComponentFactory"
66-->[androidx.core:core:1.13.1] AndroidManifest.xml:28:18-86
67        android:debuggable="true"
68        android:extractNativeLibs="false"
69        android:icon="@mipmap/ic_launcher"
69-->src\main\AndroidManifest.xml:50:9-43
70        android:label="@string/app_name"
70-->src\main\AndroidManifest.xml:51:9-41
71        android:networkSecurityConfig="@xml/network_security_config"
71-->src\main\AndroidManifest.xml:54:9-69
72        android:roundIcon="@mipmap/ic_launcher_round"
72-->src\main\AndroidManifest.xml:52:9-54
73        android:theme="@style/Theme.PhoneRakshak"
73-->src\main\AndroidManifest.xml:53:9-50
74        android:usesCleartextTraffic="false" >
74-->src\main\AndroidManifest.xml:55:9-45
75
76        <!-- Main launcher: WebView Dashboard -->
77        <activity
77-->src\main\AndroidManifest.xml:58:9-66:20
78            android:name="com.example.phonerakshak.MainActivity"
78-->src\main\AndroidManifest.xml:59:13-41
79            android:exported="true"
79-->src\main\AndroidManifest.xml:60:13-36
80            android:theme="@style/Theme.PhoneRakshak" >
80-->src\main\AndroidManifest.xml:61:13-54
81            <intent-filter>
81-->src\main\AndroidManifest.xml:62:13-65:29
82                <action android:name="android.intent.action.MAIN" />
82-->src\main\AndroidManifest.xml:63:17-69
82-->src\main\AndroidManifest.xml:63:25-66
83
84                <category android:name="android.intent.category.LAUNCHER" />
84-->src\main\AndroidManifest.xml:64:17-77
84-->src\main\AndroidManifest.xml:64:27-74
85            </intent-filter>
86        </activity> <!-- Disguised Calculator Alias -->
87        <activity-alias
87-->src\main\AndroidManifest.xml:69:9-80:26
88            android:name="com.example.phonerakshak.CalculatorAlias"
88-->src\main\AndroidManifest.xml:70:13-44
89            android:enabled="false"
89-->src\main\AndroidManifest.xml:74:13-36
90            android:exported="true"
90-->src\main\AndroidManifest.xml:75:13-36
91            android:icon="@drawable/ic_calculator"
91-->src\main\AndroidManifest.xml:72:13-51
92            android:label="@string/app_name_disguised"
92-->src\main\AndroidManifest.xml:73:13-55
93            android:targetActivity="com.example.phonerakshak.MainActivity" >
93-->src\main\AndroidManifest.xml:71:13-51
94            <intent-filter>
94-->src\main\AndroidManifest.xml:62:13-65:29
95                <action android:name="android.intent.action.MAIN" />
95-->src\main\AndroidManifest.xml:63:17-69
95-->src\main\AndroidManifest.xml:63:25-66
96
97                <category android:name="android.intent.category.LAUNCHER" />
97-->src\main\AndroidManifest.xml:64:17-77
97-->src\main\AndroidManifest.xml:64:27-74
98            </intent-filter>
99        </activity-alias>
100
101        <!-- Intruder photo gallery -->
102        <activity
102-->src\main\AndroidManifest.xml:83:9-86:63
103            android:name="com.example.phonerakshak.IntruderActivity"
103-->src\main\AndroidManifest.xml:84:13-45
104            android:exported="false"
104-->src\main\AndroidManifest.xml:85:13-37
105            android:parentActivityName="com.example.phonerakshak.DashboardActivity" />
105-->src\main\AndroidManifest.xml:86:13-60
106
107        <!-- Fullscreen single-photo viewer -->
108        <activity
108-->src\main\AndroidManifest.xml:89:9-92:62
109            android:name="com.example.phonerakshak.PhotoViewerActivity"
109-->src\main\AndroidManifest.xml:90:13-48
110            android:exported="false"
110-->src\main\AndroidManifest.xml:91:13-37
111            android:parentActivityName="com.example.phonerakshak.IntruderActivity" />
111-->src\main\AndroidManifest.xml:92:13-59
112
113        <!-- Full-screen lock activity -->
114        <activity
114-->src\main\AndroidManifest.xml:95:9-103:68
115            android:name="com.example.phonerakshak.LockScreenActivity"
115-->src\main\AndroidManifest.xml:96:13-47
116            android:excludeFromRecents="true"
116-->src\main\AndroidManifest.xml:98:13-46
117            android:exported="false"
117-->src\main\AndroidManifest.xml:97:13-37
118            android:launchMode="singleInstance"
118-->src\main\AndroidManifest.xml:99:13-48
119            android:showOnLockScreen="true"
119-->src\main\AndroidManifest.xml:100:13-44
120            android:showWhenLocked="true"
120-->src\main\AndroidManifest.xml:101:13-42
121            android:theme="@style/Theme.PhoneRakshak.Fullscreen"
121-->src\main\AndroidManifest.xml:103:13-65
122            android:turnScreenOn="true" />
122-->src\main\AndroidManifest.xml:102:13-40
123
124        <!-- Fake Shutdown Activity -->
125        <activity
125-->src\main\AndroidManifest.xml:106:9-114:68
126            android:name="com.example.phonerakshak.FakeShutdownActivity"
126-->src\main\AndroidManifest.xml:107:13-49
127            android:excludeFromRecents="true"
127-->src\main\AndroidManifest.xml:109:13-46
128            android:exported="false"
128-->src\main\AndroidManifest.xml:108:13-37
129            android:launchMode="singleInstance"
129-->src\main\AndroidManifest.xml:110:13-48
130            android:showOnLockScreen="true"
130-->src\main\AndroidManifest.xml:111:13-44
131            android:showWhenLocked="true"
131-->src\main\AndroidManifest.xml:112:13-42
132            android:theme="@style/Theme.PhoneRakshak.Fullscreen"
132-->src\main\AndroidManifest.xml:114:13-65
133            android:turnScreenOn="true" />
133-->src\main\AndroidManifest.xml:113:13-40
134
135        <!-- Invisible Capture Activity -->
136        <activity
136-->src\main\AndroidManifest.xml:117:9-125:75
137            android:name="com.example.phonerakshak.InvisibleCaptureActivity"
137-->src\main\AndroidManifest.xml:118:13-53
138            android:excludeFromRecents="true"
138-->src\main\AndroidManifest.xml:120:13-46
139            android:exported="false"
139-->src\main\AndroidManifest.xml:119:13-37
140            android:launchMode="singleInstance"
140-->src\main\AndroidManifest.xml:121:13-48
141            android:showOnLockScreen="true"
141-->src\main\AndroidManifest.xml:122:13-44
142            android:showWhenLocked="true"
142-->src\main\AndroidManifest.xml:123:13-42
143            android:theme="@android:style/Theme.Translucent.NoTitleBar"
143-->src\main\AndroidManifest.xml:125:13-72
144            android:turnScreenOn="true" />
144-->src\main\AndroidManifest.xml:124:13-40
145
146        <!-- Fake Shutdown Accessibility Service -->
147        <service
147-->src\main\AndroidManifest.xml:128:9-138:19
148            android:name="com.example.phonerakshak.FakeShutdownService"
148-->src\main\AndroidManifest.xml:129:13-48
149            android:exported="true"
149-->src\main\AndroidManifest.xml:131:13-36
150            android:permission="android.permission.BIND_ACCESSIBILITY_SERVICE" >
150-->src\main\AndroidManifest.xml:130:13-79
151            <intent-filter>
151-->src\main\AndroidManifest.xml:132:13-134:29
152                <action android:name="android.accessibilityservice.AccessibilityService" />
152-->src\main\AndroidManifest.xml:133:17-92
152-->src\main\AndroidManifest.xml:133:25-89
153            </intent-filter>
154
155            <meta-data
155-->src\main\AndroidManifest.xml:135:13-137:72
156                android:name="android.accessibilityservice"
156-->src\main\AndroidManifest.xml:136:17-60
157                android:resource="@xml/accessibility_service_config" />
157-->src\main\AndroidManifest.xml:137:17-69
158        </service>
159
160        <!-- Foreground service that keeps SMS/SIM receivers + command poller alive -->
161        <service
161-->src\main\AndroidManifest.xml:141:9-149:19
162            android:name="com.example.phonerakshak.PhoneRakshakService"
162-->src\main\AndroidManifest.xml:142:13-48
163            android:enabled="true"
163-->src\main\AndroidManifest.xml:143:13-35
164            android:exported="false"
164-->src\main\AndroidManifest.xml:144:13-37
165            android:foregroundServiceType="specialUse" >
165-->src\main\AndroidManifest.xml:145:13-55
166            <property
166-->src\main\AndroidManifest.xml:146:13-148:59
167                android:name="android.app.PROPERTY_SPECIAL_USE_FGS_SUBTYPE"
167-->src\main\AndroidManifest.xml:147:17-76
168                android:value="anti_theft_sms_listener" />
168-->src\main\AndroidManifest.xml:148:17-56
169        </service>
170
171        <!-- Device Admin receiver (for DevicePolicyManager.lockNow) -->
172        <receiver
172-->src\main\AndroidManifest.xml:152:9-164:20
173            android:name="com.example.phonerakshak.LockerAdminReceiver"
173-->src\main\AndroidManifest.xml:153:13-48
174            android:description="@string/admin_description"
174-->src\main\AndroidManifest.xml:156:13-60
175            android:exported="true"
175-->src\main\AndroidManifest.xml:154:13-36
176            android:label="@string/admin_label"
176-->src\main\AndroidManifest.xml:155:13-48
177            android:permission="android.permission.BIND_DEVICE_ADMIN" >
177-->src\main\AndroidManifest.xml:157:13-70
178            <meta-data
178-->src\main\AndroidManifest.xml:158:13-160:56
179                android:name="android.app.device_admin"
179-->src\main\AndroidManifest.xml:159:17-56
180                android:resource="@xml/device_admin" />
180-->src\main\AndroidManifest.xml:160:17-53
181
182            <intent-filter>
182-->src\main\AndroidManifest.xml:161:13-163:29
183                <action android:name="android.app.action.DEVICE_ADMIN_ENABLED" />
183-->src\main\AndroidManifest.xml:162:17-82
183-->src\main\AndroidManifest.xml:162:25-79
184            </intent-filter>
185        </receiver>
186
187        <!-- SMS command receiver -->
188        <receiver
188-->src\main\AndroidManifest.xml:167:9-174:20
189            android:name="com.example.phonerakshak.SmsCommandReceiver"
189-->src\main\AndroidManifest.xml:168:13-47
190            android:exported="true"
190-->src\main\AndroidManifest.xml:169:13-36
191            android:permission="android.permission.BROADCAST_SMS" >
191-->src\main\AndroidManifest.xml:170:13-66
192            <intent-filter android:priority="999" >
192-->src\main\AndroidManifest.xml:171:13-173:29
192-->src\main\AndroidManifest.xml:171:28-50
193                <action android:name="android.provider.Telephony.SMS_RECEIVED" />
193-->src\main\AndroidManifest.xml:172:17-82
193-->src\main\AndroidManifest.xml:172:25-79
194            </intent-filter>
195        </receiver>
196
197        <!-- SIM change detection -->
198        <receiver
198-->src\main\AndroidManifest.xml:177:9-184:20
199            android:name="com.example.phonerakshak.SimChangeReceiver"
199-->src\main\AndroidManifest.xml:178:13-46
200            android:enabled="true"
200-->src\main\AndroidManifest.xml:179:13-35
201            android:exported="true" >
201-->src\main\AndroidManifest.xml:180:13-36
202            <intent-filter>
202-->src\main\AndroidManifest.xml:181:13-183:29
203                <action android:name="android.intent.action.SIM_STATE_CHANGED" />
203-->src\main\AndroidManifest.xml:182:17-82
203-->src\main\AndroidManifest.xml:182:25-79
204            </intent-filter>
205        </receiver>
206
207        <!-- Boot receiver -->
208        <receiver
208-->src\main\AndroidManifest.xml:187:9-195:20
209            android:name="com.example.phonerakshak.BootReceiver"
209-->src\main\AndroidManifest.xml:188:13-41
210            android:enabled="true"
210-->src\main\AndroidManifest.xml:189:13-35
211            android:exported="true" >
211-->src\main\AndroidManifest.xml:190:13-36
212            <intent-filter>
212-->src\main\AndroidManifest.xml:191:13-194:29
213                <action android:name="android.intent.action.BOOT_COMPLETED" />
213-->src\main\AndroidManifest.xml:192:17-79
213-->src\main\AndroidManifest.xml:192:25-76
214                <action android:name="android.intent.action.QUICKBOOT_POWERON" />
214-->src\main\AndroidManifest.xml:193:17-82
214-->src\main\AndroidManifest.xml:193:25-79
215            </intent-filter>
216        </receiver>
217
218        <service
218-->src\main\AndroidManifest.xml:197:9-203:19
219            android:name="com.example.phonerakshak.PhoneRakshakFcmService"
219-->src\main\AndroidManifest.xml:198:13-51
220            android:exported="false" >
220-->src\main\AndroidManifest.xml:199:13-37
221            <intent-filter>
221-->src\main\AndroidManifest.xml:200:13-202:29
222                <action android:name="com.google.firebase.MESSAGING_EVENT" />
222-->src\main\AndroidManifest.xml:201:17-78
222-->src\main\AndroidManifest.xml:201:25-75
223            </intent-filter>
224        </service>
225
226        <!-- Geofence background receiver -->
227        <receiver
227-->src\main\AndroidManifest.xml:206:9-212:20
228            android:name="com.example.phonerakshak.GeofenceReceiver"
228-->src\main\AndroidManifest.xml:207:13-45
229            android:exported="true" >
229-->src\main\AndroidManifest.xml:208:13-36
230            <intent-filter>
230-->src\main\AndroidManifest.xml:209:13-211:29
231                <action android:name="com.google.android.gms.location.Geofence.GEOFENCE_TRANSITION" />
231-->src\main\AndroidManifest.xml:210:17-103
231-->src\main\AndroidManifest.xml:210:25-100
232            </intent-filter>
233        </receiver>
234
235        <service
235-->[androidx.camera:camera-camera2:1.3.4] AndroidManifest.xml:24:9-33:19
236            android:name="androidx.camera.core.impl.MetadataHolderService"
236-->[androidx.camera:camera-camera2:1.3.4] AndroidManifest.xml:25:13-75
237            android:enabled="false"
237-->[androidx.camera:camera-camera2:1.3.4] AndroidManifest.xml:26:13-36
238            android:exported="false" >
238-->[androidx.camera:camera-camera2:1.3.4] AndroidManifest.xml:27:13-37
239            <meta-data
239-->[androidx.camera:camera-camera2:1.3.4] AndroidManifest.xml:30:13-32:89
240                android:name="androidx.camera.core.impl.MetadataHolderService.DEFAULT_CONFIG_PROVIDER"
240-->[androidx.camera:camera-camera2:1.3.4] AndroidManifest.xml:31:17-103
241                android:value="androidx.camera.camera2.Camera2Config$DefaultProvider" />
241-->[androidx.camera:camera-camera2:1.3.4] AndroidManifest.xml:32:17-86
242        </service>
243        <service
243-->[com.google.android.gms:play-services-mlkit-face-detection:17.1.0] AndroidManifest.xml:9:9-15:19
244            android:name="com.google.mlkit.common.internal.MlKitComponentDiscoveryService"
244-->[com.google.android.gms:play-services-mlkit-face-detection:17.1.0] AndroidManifest.xml:10:13-91
245            android:directBootAware="true"
245-->[com.google.mlkit:common:18.10.0] AndroidManifest.xml:17:13-43
246            android:exported="false" >
246-->[com.google.android.gms:play-services-mlkit-face-detection:17.1.0] AndroidManifest.xml:11:13-37
247            <meta-data
247-->[com.google.android.gms:play-services-mlkit-face-detection:17.1.0] AndroidManifest.xml:12:13-14:85
248                android:name="com.google.firebase.components:com.google.mlkit.vision.face.internal.FaceRegistrar"
248-->[com.google.android.gms:play-services-mlkit-face-detection:17.1.0] AndroidManifest.xml:13:17-114
249                android:value="com.google.firebase.components.ComponentRegistrar" />
249-->[com.google.android.gms:play-services-mlkit-face-detection:17.1.0] AndroidManifest.xml:14:17-82
250            <meta-data
250-->[com.google.mlkit:vision-common:17.2.0] AndroidManifest.xml:12:13-14:85
251                android:name="com.google.firebase.components:com.google.mlkit.vision.common.internal.VisionCommonRegistrar"
251-->[com.google.mlkit:vision-common:17.2.0] AndroidManifest.xml:13:17-124
252                android:value="com.google.firebase.components.ComponentRegistrar" />
252-->[com.google.mlkit:vision-common:17.2.0] AndroidManifest.xml:14:17-82
253            <meta-data
253-->[com.google.mlkit:common:18.10.0] AndroidManifest.xml:20:13-22:85
254                android:name="com.google.firebase.components:com.google.mlkit.common.internal.CommonComponentRegistrar"
254-->[com.google.mlkit:common:18.10.0] AndroidManifest.xml:21:17-120
255                android:value="com.google.firebase.components.ComponentRegistrar" />
255-->[com.google.mlkit:common:18.10.0] AndroidManifest.xml:22:17-82
256        </service>
257
258        <provider
258-->[com.google.mlkit:common:18.10.0] AndroidManifest.xml:9:9-13:38
259            android:name="com.google.mlkit.common.internal.MlKitInitProvider"
259-->[com.google.mlkit:common:18.10.0] AndroidManifest.xml:10:13-78
260            android:authorities="com.example.phonerakshak.mlkitinitprovider"
260-->[com.google.mlkit:common:18.10.0] AndroidManifest.xml:11:13-69
261            android:exported="false"
261-->[com.google.mlkit:common:18.10.0] AndroidManifest.xml:12:13-37
262            android:initOrder="99" />
262-->[com.google.mlkit:common:18.10.0] AndroidManifest.xml:13:13-35
263        <provider
263-->[androidx.emoji2:emoji2:1.3.0] AndroidManifest.xml:24:9-32:20
264            android:name="androidx.startup.InitializationProvider"
264-->[androidx.emoji2:emoji2:1.3.0] AndroidManifest.xml:25:13-67
265            android:authorities="com.example.phonerakshak.androidx-startup"
265-->[androidx.emoji2:emoji2:1.3.0] AndroidManifest.xml:26:13-68
266            android:exported="false" >
266-->[androidx.emoji2:emoji2:1.3.0] AndroidManifest.xml:27:13-37
267            <meta-data
267-->[androidx.emoji2:emoji2:1.3.0] AndroidManifest.xml:29:13-31:52
268                android:name="androidx.emoji2.text.EmojiCompatInitializer"
268-->[androidx.emoji2:emoji2:1.3.0] AndroidManifest.xml:30:17-75
269                android:value="androidx.startup" />
269-->[androidx.emoji2:emoji2:1.3.0] AndroidManifest.xml:31:17-49
270            <meta-data
270-->[androidx.work:work-runtime:2.9.0] AndroidManifest.xml:34:13-36:52
271                android:name="androidx.work.WorkManagerInitializer"
271-->[androidx.work:work-runtime:2.9.0] AndroidManifest.xml:35:17-68
272                android:value="androidx.startup" />
272-->[androidx.work:work-runtime:2.9.0] AndroidManifest.xml:36:17-49
273            <meta-data
273-->[androidx.lifecycle:lifecycle-process:2.8.4] AndroidManifest.xml:29:13-31:52
274                android:name="androidx.lifecycle.ProcessLifecycleInitializer"
274-->[androidx.lifecycle:lifecycle-process:2.8.4] AndroidManifest.xml:30:17-78
275                android:value="androidx.startup" />
275-->[androidx.lifecycle:lifecycle-process:2.8.4] AndroidManifest.xml:31:17-49
276            <meta-data
276-->[androidx.profileinstaller:profileinstaller:1.3.1] AndroidManifest.xml:29:13-31:52
277                android:name="androidx.profileinstaller.ProfileInstallerInitializer"
277-->[androidx.profileinstaller:profileinstaller:1.3.1] AndroidManifest.xml:30:17-85
278                android:value="androidx.startup" />
278-->[androidx.profileinstaller:profileinstaller:1.3.1] AndroidManifest.xml:31:17-49
279        </provider>
280
281        <service
281-->[com.google.firebase:firebase-messaging-ktx:24.0.0] AndroidManifest.xml:23:9-29:19
282            android:name="com.google.firebase.components.ComponentDiscoveryService"
282-->[com.google.firebase:firebase-messaging-ktx:24.0.0] AndroidManifest.xml:24:13-84
283            android:directBootAware="true"
283-->[com.google.firebase:firebase-common:21.0.0] AndroidManifest.xml:32:13-43
284            android:exported="false" >
284-->[com.google.firebase:firebase-messaging-ktx:24.0.0] AndroidManifest.xml:25:13-37
285            <meta-data
285-->[com.google.firebase:firebase-messaging-ktx:24.0.0] AndroidManifest.xml:26:13-28:85
286                android:name="com.google.firebase.components:com.google.firebase.messaging.ktx.FirebaseMessagingLegacyRegistrar"
286-->[com.google.firebase:firebase-messaging-ktx:24.0.0] AndroidManifest.xml:27:17-129
287                android:value="com.google.firebase.components.ComponentRegistrar" />
287-->[com.google.firebase:firebase-messaging-ktx:24.0.0] AndroidManifest.xml:28:17-82
288            <meta-data
288-->[com.google.firebase:firebase-messaging:24.0.0] AndroidManifest.xml:57:13-59:85
289                android:name="com.google.firebase.components:com.google.firebase.messaging.FirebaseMessagingKtxRegistrar"
289-->[com.google.firebase:firebase-messaging:24.0.0] AndroidManifest.xml:58:17-122
290                android:value="com.google.firebase.components.ComponentRegistrar" />
290-->[com.google.firebase:firebase-messaging:24.0.0] AndroidManifest.xml:59:17-82
291            <meta-data
291-->[com.google.firebase:firebase-messaging:24.0.0] AndroidManifest.xml:60:13-62:85
292                android:name="com.google.firebase.components:com.google.firebase.messaging.FirebaseMessagingRegistrar"
292-->[com.google.firebase:firebase-messaging:24.0.0] AndroidManifest.xml:61:17-119
293                android:value="com.google.firebase.components.ComponentRegistrar" />
293-->[com.google.firebase:firebase-messaging:24.0.0] AndroidManifest.xml:62:17-82
294            <meta-data
294-->[com.google.firebase:firebase-installations:18.0.0] AndroidManifest.xml:15:13-17:85
295                android:name="com.google.firebase.components:com.google.firebase.installations.FirebaseInstallationsKtxRegistrar"
295-->[com.google.firebase:firebase-installations:18.0.0] AndroidManifest.xml:16:17-130
296                android:value="com.google.firebase.components.ComponentRegistrar" />
296-->[com.google.firebase:firebase-installations:18.0.0] AndroidManifest.xml:17:17-82
297            <meta-data
297-->[com.google.firebase:firebase-installations:18.0.0] AndroidManifest.xml:18:13-20:85
298                android:name="com.google.firebase.components:com.google.firebase.installations.FirebaseInstallationsRegistrar"
298-->[com.google.firebase:firebase-installations:18.0.0] AndroidManifest.xml:19:17-127
299                android:value="com.google.firebase.components.ComponentRegistrar" />
299-->[com.google.firebase:firebase-installations:18.0.0] AndroidManifest.xml:20:17-82
300            <meta-data
300-->[com.google.firebase:firebase-common-ktx:21.0.0] AndroidManifest.xml:12:13-14:85
301                android:name="com.google.firebase.components:com.google.firebase.ktx.FirebaseCommonLegacyRegistrar"
301-->[com.google.firebase:firebase-common-ktx:21.0.0] AndroidManifest.xml:13:17-116
302                android:value="com.google.firebase.components.ComponentRegistrar" />
302-->[com.google.firebase:firebase-common-ktx:21.0.0] AndroidManifest.xml:14:17-82
303            <meta-data
303-->[com.google.firebase:firebase-common:21.0.0] AndroidManifest.xml:35:13-37:85
304                android:name="com.google.firebase.components:com.google.firebase.FirebaseCommonKtxRegistrar"
304-->[com.google.firebase:firebase-common:21.0.0] AndroidManifest.xml:36:17-109
305                android:value="com.google.firebase.components.ComponentRegistrar" />
305-->[com.google.firebase:firebase-common:21.0.0] AndroidManifest.xml:37:17-82
306            <meta-data
306-->[com.google.firebase:firebase-datatransport:18.2.0] AndroidManifest.xml:25:13-27:85
307                android:name="com.google.firebase.components:com.google.firebase.datatransport.TransportRegistrar"
307-->[com.google.firebase:firebase-datatransport:18.2.0] AndroidManifest.xml:26:17-115
308                android:value="com.google.firebase.components.ComponentRegistrar" />
308-->[com.google.firebase:firebase-datatransport:18.2.0] AndroidManifest.xml:27:17-82
309        </service>
310
311        <receiver
311-->[com.google.firebase:firebase-messaging:24.0.0] AndroidManifest.xml:29:9-40:20
312            android:name="com.google.firebase.iid.FirebaseInstanceIdReceiver"
312-->[com.google.firebase:firebase-messaging:24.0.0] AndroidManifest.xml:30:13-78
313            android:exported="true"
313-->[com.google.firebase:firebase-messaging:24.0.0] AndroidManifest.xml:31:13-36
314            android:permission="com.google.android.c2dm.permission.SEND" >
314-->[com.google.firebase:firebase-messaging:24.0.0] AndroidManifest.xml:32:13-73
315            <intent-filter>
315-->[com.google.firebase:firebase-messaging:24.0.0] AndroidManifest.xml:33:13-35:29
316                <action android:name="com.google.android.c2dm.intent.RECEIVE" />
316-->[com.google.firebase:firebase-messaging:24.0.0] AndroidManifest.xml:34:17-81
316-->[com.google.firebase:firebase-messaging:24.0.0] AndroidManifest.xml:34:25-78
317            </intent-filter>
318
319            <meta-data